\BOOKMARK [0][-]{chapter*.2}{List of Figures}{}% 1
\BOOKMARK [0][-]{chapter*.3}{List of Tables}{}% 2
\BOOKMARK [0][-]{chapter*.4}{Listing}{}% 3
\BOOKMARK [0][-]{chapter.1}{Introduction}{}% 4
\BOOKMARK [1][-]{section.1.1}{Motivation}{chapter.1}% 5
\BOOKMARK [1][-]{section.1.2}{Aim}{chapter.1}% 6
\BOOKMARK [1][-]{section.1.3}{Limitations}{chapter.1}% 7
\BOOKMARK [1][-]{section.1.4}{Thesis Structure}{chapter.1}% 8
\BOOKMARK [1][-]{section.1.5}{Background}{chapter.1}% 9
\BOOKMARK [2][-]{subsection.1.5.1}{Wireless Sensor Network \(WSN\)}{section.1.5}% 10
\BOOKMARK [2][-]{subsection.1.5.2}{Data Minimization}{section.1.5}% 11
\BOOKMARK [0][-]{chapter.2}{Theory}{}% 12
\BOOKMARK [1][-]{section.2.1}{Formal Verification}{chapter.2}% 13
\BOOKMARK [1][-]{section.2.2}{Model Checking}{chapter.2}% 14
\BOOKMARK [2][-]{subsection.2.2.1}{Model Checking Workflow}{section.2.2}% 15
\BOOKMARK [2][-]{subsection.2.2.2}{State Space Explosion}{section.2.2}% 16
\BOOKMARK [1][-]{section.2.3}{Promela \046 SPIN}{chapter.2}% 17
\BOOKMARK [2][-]{subsection.2.3.1}{Operational Semantics of Promela}{section.2.3}% 18
\BOOKMARK [1][-]{section.2.4}{Related Work}{chapter.2}% 19
\BOOKMARK [2][-]{subsection.2.4.1}{Smart City}{section.2.4}% 20
\BOOKMARK [2][-]{subsection.2.4.2}{Privacy Enhancing Technologies \(PET\)}{section.2.4}% 21
\BOOKMARK [0][-]{chapter.3}{Modeling \046 Specification}{}% 22
\BOOKMARK [1][-]{section.3.1}{Definitions}{chapter.3}% 23
\BOOKMARK [2][-]{subsection.3.1.1}{Basic WSN}{section.3.1}% 24
\BOOKMARK [2][-]{subsection.3.1.2}{Actors}{section.3.1}% 25
\BOOKMARK [2][-]{subsection.3.1.3}{Decisions}{section.3.1}% 26
\BOOKMARK [2][-]{subsection.3.1.4}{Over-Collection}{section.3.1}% 27
\BOOKMARK [1][-]{section.3.2}{Modeling}{chapter.3}% 28
\BOOKMARK [2][-]{subsection.3.2.1}{Variations}{section.3.2}% 29
\BOOKMARK [3][-]{subsubsection.3.2.1.1}{Decision Making}{subsection.3.2.1}% 30
\BOOKMARK [3][-]{subsubsection.3.2.1.2}{Decision Analysis}{subsection.3.2.1}% 31
\BOOKMARK [3][-]{subsubsection.3.2.1.3}{Communication}{subsection.3.2.1}% 32
\BOOKMARK [2][-]{subsection.3.2.2}{Initialization}{section.3.2}% 33
\BOOKMARK [2][-]{subsection.3.2.3}{Server Actor}{section.3.2}% 34
\BOOKMARK [2][-]{subsection.3.2.4}{Environment Actor}{section.3.2}% 35
\BOOKMARK [2][-]{subsection.3.2.5}{Node Actor}{section.3.2}% 36
\BOOKMARK [1][-]{section.3.3}{Specification}{chapter.3}% 37
\BOOKMARK [2][-]{subsection.3.3.1}{Properties}{section.3.3}% 38
\BOOKMARK [3][-]{subsubsection.3.3.1.1}{Correctness}{subsection.3.3.1}% 39
\BOOKMARK [3][-]{subsubsection.3.3.1.2}{Liveness}{subsection.3.3.1}% 40
\BOOKMARK [0][-]{chapter.4}{Design}{}% 41
\BOOKMARK [1][-]{section.4.1}{Modeling in Promela}{chapter.4}% 42
\BOOKMARK [2][-]{subsection.4.1.1}{Environment}{section.4.1}% 43
\BOOKMARK [2][-]{subsection.4.1.2}{Server}{section.4.1}% 44
\BOOKMARK [2][-]{subsection.4.1.3}{Node}{section.4.1}% 45
\BOOKMARK [2][-]{subsection.4.1.4}{Translation}{section.4.1}% 46
\BOOKMARK [1][-]{section.4.2}{Verification}{chapter.4}% 47
\BOOKMARK [0][-]{chapter.5}{Implementation}{}% 48
\BOOKMARK [1][-]{section.5.1}{Code Generation}{chapter.5}% 49
\BOOKMARK [1][-]{section.5.2}{Satisfaction}{chapter.5}% 50
\BOOKMARK [1][-]{section.5.3}{Analysis}{chapter.5}% 51
\BOOKMARK [0][-]{chapter.6}{Discussion}{}% 52
\BOOKMARK [0][-]{chapter.7}{Conclusion}{}% 53
\BOOKMARK [0][-]{chapter.8}{Ethics}{}% 54
